==============================================
Belka Transformer - CPU Cluster Preprocessing
Job ID: 40008915
Node: hpc3-15-26
Start time: Tue Jul  1 12:24:44 PDT 2025
==============================================
Activating Poetry virtual environment...
Using Python: /dfs6/pub/ddlin/projects/belka_del/.venv/bin/python
Python version: Python 3.10.12
Poetry version: Poetry (version 2.1.2)
Current directory: /pub/ddlin/projects/belka_del
Available CPU cores: 16
Allocated memory: 131072MB
Processing locally within repository
Checking for required input files...
All required input files found.
Cleaning previous processed data...
Starting preprocessing pipeline...
Step: preprocess (CPU cluster optimized)
2025-07-01 12:24:58,143 - root - INFO - Logging to file: logs/cpu_preprocess_40008915.log
2025-07-01 12:24:58,145 - root - INFO - No GPU detected. CPU cores: 40, Memory: 188.1GB
2025-07-01 12:24:58,145 - root - INFO - Auto-detected cluster type: cpu
2025-07-01 12:24:58,174 - root - INFO - Configuration loaded from: configs/config_cpu.yaml
2025-07-01 12:24:58,174 - root - INFO - Working directory: /pub/ddlin/projects/belka_del/data/raw
2025-07-01 12:24:58,174 - root - INFO - Running CPU Preprocessing Pipeline (Steps 1-2)
2025-07-01 12:24:58,175 - root - INFO - Step: Generate Parquet Data
2025-07-01 12:24:58,175 - root - INFO - Using robust, memory-safe parquet generation...
