==============================================
Belka Transformer - CPU Cluster Preprocessing
Job ID: 39986269
Node: hpc3-l18-04
Start time: Sun Jun 29 13:15:07 PDT 2025
==============================================
Activating Poetry virtual environment...
Using Python: /dfs6/pub/ddlin/projects/belka_del/.venv/bin/python
Python version: Python 3.10.12
Poetry version: Poetry (version 2.1.2)
Current directory: /pub/ddlin/projects/belka_del
Available CPU cores: 8
Allocated memory: 65536MB
Processing locally within repository
Checking for required input files...
All required input files found.
Cleaning previous processed data...
Starting preprocessing pipeline...
Step: preprocess (CPU cluster optimized)
2025-06-29 13:17:01,730 - root - INFO - Logging to file: logs/cpu_preprocess_39986269.log
2025-06-29 13:17:01,730 - root - INFO - Using cluster-specific config: configs/config_cpu.yaml
2025-06-29 13:17:01,758 - root - INFO - Configuration loaded from: configs/config_cpu.yaml
2025-06-29 13:17:01,759 - root - INFO - Cluster compatibility validation passed for cpu cluster
2025-06-29 13:17:01,759 - root - INFO - Working directory: /pub/ddlin/projects/belka_del/data/raw
2025-06-29 13:17:01,759 - root - INFO - Step: Preprocess (CPU Cluster - Steps 1-2)
2025-06-29 13:17:01,759 - root - INFO - Step: Generate Parquet Data
Mapply initialized with 8 workers
2025-06-29 13:17:01,759 - root - INFO - Using memory-safe parquet generation
Processing subsets and saving to temporary files...
Processing 'test' subset...
Memory at start: 7.5GB used, 241.7GB available (3.7%)
Reading test.parquet in chunks of 2000...
Processing chunk 1 (2000 rows) - Memory: 7.5GB/251.1GB (3.8%)
Processing chunk 2 (2000 rows) - Memory: 7.5GB/251.1GB (3.8%)
Processing chunk 3 (2000 rows) - Memory: 7.5GB/251.1GB (3.8%)
Processing chunk 4 (2000 rows) - Memory: 7.5GB/251.1GB (3.8%)
Processing chunk 5 (2000 rows) - Memory: 7.5GB/251.1GB (3.8%)
Processing chunk 6 (2000 rows) - Memory: 7.5GB/251.1GB (3.8%)
Processing chunk 7 (2000 rows) - Memory: 7.5GB/251.1GB (3.8%)
Processing chunk 8 (2000 rows) - Memory: 7.5GB/251.1GB (3.8%)
Processing chunk 9 (2000 rows) - Memory: 7.5GB/251.1GB (3.8%)
Processing chunk 10 (2000 rows) - Memory: 7.5GB/251.1GB (3.8%)
Processing chunk 11 (2000 rows) - Memory: 7.5GB/251.1GB (3.8%)
Processing chunk 12 (2000 rows) - Memory: 7.5GB/251.1GB (3.8%)
Processing chunk 13 (2000 rows) - Memory: 7.5GB/251.1GB (3.8%)
Processing chunk 14 (2000 rows) - Memory: 7.5GB/251.1GB (3.8%)
Processing chunk 15 (2000 rows) - Memory: 7.5GB/251.1GB (3.8%)
Processing chunk 16 (2000 rows) - Memory: 7.5GB/251.1GB (3.8%)
Processing chunk 17 (2000 rows) - Memory: 7.5GB/251.1GB (3.8%)
Processing chunk 18 (2000 rows) - Memory: 7.5GB/251.1GB (3.8%)
Processing chunk 19 (2000 rows) - Memory: 7.5GB/251.1GB (3.8%)
Processing chunk 20 (2000 rows) - Memory: 7.5GB/251.1GB (3.8%)
Processing chunk 21 (2000 rows) - Memory: 7.5GB/251.1GB (3.8%)
Processing chunk 22 (2000 rows) - Memory: 7.6GB/251.1GB (3.8%)
Processing chunk 23 (2000 rows) - Memory: 7.6GB/251.1GB (3.8%)
Processing chunk 24 (2000 rows) - Memory: 7.6GB/251.1GB (3.8%)
Processing chunk 25 (2000 rows) - Memory: 7.6GB/251.1GB (3.8%)
Processing chunk 26 (2000 rows) - Memory: 7.6GB/251.1GB (3.8%)
Processing chunk 27 (2000 rows) - Memory: 7.6GB/251.1GB (3.8%)
Processing chunk 28 (2000 rows) - Memory: 7.6GB/251.1GB (3.8%)
Processing chunk 29 (2000 rows) - Memory: 7.6GB/251.1GB (3.8%)
Processing chunk 30 (2000 rows) - Memory: 7.6GB/251.1GB (3.8%)
Processing chunk 31 (2000 rows) - Memory: 7.6GB/251.1GB (3.8%)
Processing chunk 32 (2000 rows) - Memory: 7.6GB/251.1GB (3.8%)
Processing chunk 33 (2000 rows) - Memory: 7.6GB/251.1GB (3.8%)
Processing chunk 34 (2000 rows) - Memory: 7.6GB/251.1GB (3.8%)
Processing chunk 35 (2000 rows) - Memory: 7.6GB/251.1GB (3.8%)
Processing chunk 36 (2000 rows) - Memory: 7.6GB/251.1GB (3.8%)
Processing chunk 37 (2000 rows) - Memory: 7.6GB/251.1GB (3.8%)
Processing chunk 38 (2000 rows) - Memory: 7.6GB/251.1GB (3.8%)
Processing chunk 39 (2000 rows) - Memory: 7.6GB/251.1GB (3.8%)
Processing chunk 40 (2000 rows) - Memory: 7.6GB/251.1GB (3.8%)
Processing chunk 41 (2000 rows) - Memory: 7.6GB/251.1GB (3.8%)
Processing chunk 42 (2000 rows) - Memory: 7.6GB/251.1GB (3.8%)
Processing chunk 43 (2000 rows) - Memory: 7.6GB/251.1GB (3.8%)
Processing chunk 44 (2000 rows) - Memory: 7.6GB/251.1GB (3.8%)
Processing chunk 45 (2000 rows) - Memory: 7.6GB/251.1GB (3.8%)
Processing chunk 46 (2000 rows) - Memory: 7.6GB/251.1GB (3.8%)
Processing chunk 47 (2000 rows) - Memory: 7.6GB/251.1GB (3.8%)
Processing chunk 48 (2000 rows) - Memory: 7.7GB/251.1GB (3.8%)
Processing chunk 49 (2000 rows) - Memory: 7.7GB/251.1GB (3.8%)
Processing chunk 50 (2000 rows) - Memory: 7.7GB/251.1GB (3.8%)
Processing chunk 51 (2000 rows) - Memory: 7.7GB/251.1GB (3.8%)
Processing chunk 52 (2000 rows) - Memory: 7.7GB/251.1GB (3.8%)
Processing chunk 53 (2000 rows) - Memory: 7.7GB/251.1GB (3.8%)
Processing chunk 54 (2000 rows) - Memory: 7.7GB/251.1GB (3.8%)
Processing chunk 55 (2000 rows) - Memory: 7.7GB/251.1GB (3.8%)
Processing chunk 56 (2000 rows) - Memory: 7.7GB/251.1GB (3.8%)
Processing chunk 57 (2000 rows) - Memory: 7.7GB/251.1GB (3.8%)
Processing chunk 58 (2000 rows) - Memory: 7.7GB/251.1GB (3.8%)
Processing chunk 59 (2000 rows) - Memory: 7.7GB/251.1GB (3.8%)
Processing chunk 60 (2000 rows) - Memory: 7.7GB/251.1GB (3.8%)
Processing chunk 61 (2000 rows) - Memory: 7.7GB/251.1GB (3.8%)
Processing chunk 62 (2000 rows) - Memory: 7.7GB/251.1GB (3.8%)
Processing chunk 63 (2000 rows) - Memory: 7.7GB/251.1GB (3.8%)
Processing chunk 64 (2000 rows) - Memory: 7.7GB/251.1GB (3.8%)
Processing chunk 65 (2000 rows) - Memory: 7.7GB/251.1GB (3.8%)
Processing chunk 66 (2000 rows) - Memory: 7.7GB/251.1GB (3.8%)
Processing chunk 67 (2000 rows) - Memory: 7.7GB/251.1GB (3.8%)
Processing chunk 68 (2000 rows) - Memory: 7.7GB/251.1GB (3.8%)
Processing chunk 69 (2000 rows) - Memory: 7.7GB/251.1GB (3.8%)
Processing chunk 70 (2000 rows) - Memory: 7.7GB/251.1GB (3.8%)
Processing chunk 71 (2000 rows) - Memory: 7.7GB/251.1GB (3.8%)
Processing chunk 72 (2000 rows) - Memory: 7.7GB/251.1GB (3.8%)
Processing chunk 73 (2000 rows) - Memory: 7.7GB/251.1GB (3.8%)
Processing chunk 74 (2000 rows) - Memory: 7.7GB/251.1GB (3.8%)
Processing chunk 75 (2000 rows) - Memory: 7.7GB/251.1GB (3.8%)
Processing chunk 76 (2000 rows) - Memory: 7.7GB/251.1GB (3.8%)
Processing chunk 77 (2000 rows) - Memory: 7.7GB/251.1GB (3.8%)
Processing chunk 78 (2000 rows) - Memory: 7.7GB/251.1GB (3.8%)
Processing chunk 79 (2000 rows) - Memory: 7.7GB/251.1GB (3.8%)
Processing chunk 80 (2000 rows) - Memory: 7.7GB/251.1GB (3.8%)
Processing chunk 81 (2000 rows) - Memory: 7.7GB/251.1GB (3.8%)
Processing chunk 82 (2000 rows) - Memory: 7.7GB/251.1GB (3.8%)
Processing chunk 83 (2000 rows) - Memory: 7.7GB/251.1GB (3.8%)
Processing chunk 84 (2000 rows) - Memory: 7.7GB/251.1GB (3.8%)
Processing chunk 85 (2000 rows) - Memory: 7.7GB/251.1GB (3.8%)
Processing chunk 86 (2000 rows) - Memory: 7.7GB/251.1GB (3.8%)
Processing chunk 87 (2000 rows) - Memory: 7.7GB/251.1GB (3.8%)
Processing chunk 88 (2000 rows) - Memory: 7.7GB/251.1GB (3.8%)
Processing chunk 89 (2000 rows) - Memory: 7.7GB/251.1GB (3.8%)
Processing chunk 90 (2000 rows) - Memory: 7.7GB/251.1GB (3.8%)
Processing chunk 91 (2000 rows) - Memory: 7.7GB/251.1GB (3.8%)
Processing chunk 92 (2000 rows) - Memory: 7.7GB/251.1GB (3.8%)
Processing chunk 93 (2000 rows) - Memory: 7.7GB/251.1GB (3.8%)
Processing chunk 94 (2000 rows) - Memory: 7.7GB/251.1GB (3.8%)
Processing chunk 95 (2000 rows) - Memory: 7.7GB/251.1GB (3.8%)
Processing chunk 96 (2000 rows) - Memory: 7.7GB/251.1GB (3.8%)
Processing chunk 97 (2000 rows) - Memory: 7.7GB/251.1GB (3.8%)
Processing chunk 98 (2000 rows) - Memory: 7.7GB/251.1GB (3.8%)
Processing chunk 99 (2000 rows) - Memory: 7.7GB/251.1GB (3.8%)
Processing chunk 100 (2000 rows) - Memory: 7.7GB/251.1GB (3.8%)
Processing chunk 101 (2000 rows) - Memory: 7.7GB/251.1GB (3.8%)
Processing chunk 102 (2000 rows) - Memory: 7.7GB/251.1GB (3.8%)
Processing chunk 103 (2000 rows) - Memory: 7.7GB/251.1GB (3.8%)
Processing chunk 104 (2000 rows) - Memory: 7.7GB/251.1GB (3.8%)
Processing chunk 105 (2000 rows) - Memory: 7.7GB/251.1GB (3.8%)
Processing chunk 106 (2000 rows) - Memory: 7.7GB/251.1GB (3.8%)
Processing chunk 107 (2000 rows) - Memory: 7.7GB/251.1GB (3.8%)
Processing chunk 108 (2000 rows) - Memory: 7.7GB/251.1GB (3.8%)
Processing chunk 109 (2000 rows) - Memory: 7.7GB/251.1GB (3.8%)
Processing chunk 110 (2000 rows) - Memory: 7.7GB/251.1GB (3.8%)
Processing chunk 111 (2000 rows) - Memory: 7.8GB/251.1GB (3.9%)
Processing chunk 112 (2000 rows) - Memory: 7.8GB/251.1GB (3.9%)
Processing chunk 113 (2000 rows) - Memory: 7.8GB/251.1GB (3.9%)
Processing chunk 114 (2000 rows) - Memory: 7.8GB/251.1GB (3.9%)
Processing chunk 115 (2000 rows) - Memory: 7.8GB/251.1GB (3.9%)
Processing chunk 116 (2000 rows) - Memory: 7.8GB/251.1GB (3.9%)
Processing chunk 117 (2000 rows) - Memory: 7.8GB/251.1GB (3.9%)
Processing chunk 118 (2000 rows) - Memory: 7.8GB/251.1GB (3.9%)
Processing chunk 119 (2000 rows) - Memory: 7.8GB/251.1GB (3.9%)
Processing chunk 120 (2000 rows) - Memory: 7.8GB/251.1GB (3.9%)
Processing chunk 121 (2000 rows) - Memory: 7.8GB/251.1GB (3.9%)
Processing chunk 122 (2000 rows) - Memory: 7.8GB/251.1GB (3.9%)
Processing chunk 123 (2000 rows) - Memory: 7.8GB/251.1GB (3.9%)
Processing chunk 124 (2000 rows) - Memory: 7.8GB/251.1GB (3.9%)
Processing chunk 125 (2000 rows) - Memory: 7.8GB/251.1GB (3.9%)
Processing chunk 126 (2000 rows) - Memory: 7.8GB/251.1GB (3.9%)
Processing chunk 127 (2000 rows) - Memory: 7.8GB/251.1GB (3.9%)
Processing chunk 128 (2000 rows) - Memory: 7.8GB/251.1GB (3.9%)
Processing chunk 129 (2000 rows) - Memory: 7.8GB/251.1GB (3.9%)
Processing chunk 130 (2000 rows) - Memory: 7.8GB/251.1GB (3.9%)
Processing chunk 131 (2000 rows) - Memory: 7.8GB/251.1GB (3.9%)
Processing chunk 132 (2000 rows) - Memory: 7.8GB/251.1GB (3.9%)
Processing chunk 133 (2000 rows) - Memory: 7.8GB/251.1GB (3.9%)
Processing chunk 134 (2000 rows) - Memory: 7.8GB/251.1GB (3.9%)
Processing chunk 135 (2000 rows) - Memory: 7.8GB/251.1GB (3.9%)
Processing chunk 136 (2000 rows) - Memory: 7.8GB/251.1GB (3.9%)
Processing chunk 137 (2000 rows) - Memory: 7.8GB/251.1GB (3.9%)
Processing chunk 138 (2000 rows) - Memory: 7.8GB/251.1GB (3.9%)
Processing chunk 139 (2000 rows) - Memory: 7.8GB/251.1GB (3.9%)
Processing chunk 140 (2000 rows) - Memory: 7.8GB/251.1GB (3.9%)
Processing chunk 141 (2000 rows) - Memory: 7.8GB/251.1GB (3.9%)
Processing chunk 142 (2000 rows) - Memory: 7.8GB/251.1GB (3.9%)
Processing chunk 143 (2000 rows) - Memory: 7.8GB/251.1GB (3.9%)
Processing chunk 144 (2000 rows) - Memory: 7.8GB/251.1GB (3.9%)
Processing chunk 145 (2000 rows) - Memory: 7.8GB/251.1GB (3.9%)
Processing chunk 146 (2000 rows) - Memory: 7.8GB/251.1GB (3.9%)
Processing chunk 147 (2000 rows) - Memory: 7.8GB/251.1GB (3.9%)
Processing chunk 148 (2000 rows) - Memory: 7.8GB/251.1GB (3.9%)
Processing chunk 149 (2000 rows) - Memory: 7.8GB/251.1GB (3.9%)
Processing chunk 150 (2000 rows) - Memory: 7.8GB/251.1GB (3.9%)
Processing chunk 151 (2000 rows) - Memory: 7.8GB/251.1GB (3.9%)
Processing chunk 152 (2000 rows) - Memory: 7.8GB/251.1GB (3.9%)
Processing chunk 153 (2000 rows) - Memory: 7.8GB/251.1GB (3.9%)
Processing chunk 154 (2000 rows) - Memory: 7.8GB/251.1GB (3.9%)
Processing chunk 155 (2000 rows) - Memory: 7.8GB/251.1GB (3.9%)
Processing chunk 156 (2000 rows) - Memory: 7.8GB/251.1GB (3.9%)
Processing chunk 157 (2000 rows) - Memory: 7.8GB/251.1GB (3.9%)
Processing chunk 158 (2000 rows) - Memory: 7.8GB/251.1GB (3.9%)
Processing chunk 159 (2000 rows) - Memory: 7.8GB/251.1GB (3.9%)
Processing chunk 160 (2000 rows) - Memory: 7.8GB/251.1GB (3.9%)
Processing chunk 161 (2000 rows) - Memory: 7.8GB/251.1GB (3.9%)
Processing chunk 162 (2000 rows) - Memory: 7.8GB/251.1GB (3.9%)
Processing chunk 163 (2000 rows) - Memory: 7.8GB/251.1GB (3.9%)
Processing chunk 164 (2000 rows) - Memory: 7.8GB/251.1GB (3.9%)
Processing chunk 165 (2000 rows) - Memory: 7.8GB/251.1GB (3.9%)
Processing chunk 166 (2000 rows) - Memory: 7.8GB/251.1GB (3.9%)
Processing chunk 167 (2000 rows) - Memory: 7.8GB/251.1GB (3.9%)
Processing chunk 168 (2000 rows) - Memory: 7.8GB/251.1GB (3.9%)
Processing chunk 169 (2000 rows) - Memory: 7.8GB/251.1GB (3.9%)
Processing chunk 170 (2000 rows) - Memory: 7.8GB/251.1GB (3.9%)
Processing chunk 171 (2000 rows) - Memory: 7.8GB/251.1GB (3.9%)
Processing chunk 172 (2000 rows) - Memory: 7.8GB/251.1GB (3.9%)
Processing chunk 173 (2000 rows) - Memory: 7.9GB/251.1GB (3.9%)
Processing chunk 174 (2000 rows) - Memory: 7.9GB/251.1GB (3.9%)
Processing chunk 175 (2000 rows) - Memory: 7.9GB/251.1GB (3.9%)
Processing chunk 176 (2000 rows) - Memory: 7.9GB/251.1GB (3.9%)
Processing chunk 177 (2000 rows) - Memory: 7.9GB/251.1GB (3.9%)
Processing chunk 178 (2000 rows) - Memory: 7.9GB/251.1GB (3.9%)
Processing chunk 179 (2000 rows) - Memory: 7.9GB/251.1GB (3.9%)
Processing chunk 180 (2000 rows) - Memory: 7.9GB/251.1GB (3.9%)
Processing chunk 181 (2000 rows) - Memory: 7.9GB/251.1GB (3.9%)
Processing chunk 182 (2000 rows) - Memory: 7.9GB/251.1GB (3.9%)
Processing chunk 183 (2000 rows) - Memory: 7.9GB/251.1GB (3.9%)
Processing chunk 184 (2000 rows) - Memory: 7.9GB/251.1GB (3.9%)
Processing chunk 185 (2000 rows) - Memory: 7.9GB/251.1GB (3.9%)
Processing chunk 186 (2000 rows) - Memory: 7.9GB/251.1GB (3.9%)
Processing chunk 187 (2000 rows) - Memory: 7.9GB/251.1GB (3.9%)
Processing chunk 188 (2000 rows) - Memory: 7.9GB/251.1GB (3.9%)
Processing chunk 189 (2000 rows) - Memory: 7.9GB/251.1GB (3.9%)
Processing chunk 190 (2000 rows) - Memory: 7.9GB/251.1GB (3.9%)
Processing chunk 191 (2000 rows) - Memory: 7.9GB/251.1GB (3.9%)
Processing chunk 192 (2000 rows) - Memory: 7.9GB/251.1GB (3.9%)
Processing chunk 193 (2000 rows) - Memory: 7.9GB/251.1GB (3.9%)
Processing chunk 194 (2000 rows) - Memory: 7.9GB/251.1GB (3.9%)
Processing chunk 195 (2000 rows) - Memory: 7.9GB/251.1GB (3.9%)
Processing chunk 196 (2000 rows) - Memory: 7.9GB/251.1GB (3.9%)
Processing chunk 197 (2000 rows) - Memory: 7.9GB/251.1GB (3.9%)
Processing chunk 198 (2000 rows) - Memory: 7.9GB/251.1GB (3.9%)
Processing chunk 199 (2000 rows) - Memory: 7.9GB/251.1GB (3.9%)
Processing chunk 200 (2000 rows) - Memory: 7.9GB/251.1GB (3.9%)
Processing chunk 201 (2000 rows) - Memory: 7.9GB/251.1GB (3.9%)
Processing chunk 202 (2000 rows) - Memory: 7.9GB/251.1GB (3.9%)
Processing chunk 203 (2000 rows) - Memory: 8.1GB/251.1GB (4.0%)
Processing chunk 204 (2000 rows) - Memory: 7.9GB/251.1GB (3.9%)
Processing chunk 205 (2000 rows) - Memory: 7.9GB/251.1GB (3.9%)
Processing chunk 206 (2000 rows) - Memory: 7.9GB/251.1GB (3.9%)
Processing chunk 207 (2000 rows) - Memory: 7.9GB/251.1GB (3.9%)
Processing chunk 208 (2000 rows) - Memory: 8.0GB/251.1GB (3.9%)
Processing chunk 209 (2000 rows) - Memory: 8.0GB/251.1GB (3.9%)
Processing chunk 210 (2000 rows) - Memory: 8.0GB/251.1GB (3.9%)
Processing chunk 211 (2000 rows) - Memory: 8.0GB/251.1GB (3.9%)
Processing chunk 212 (2000 rows) - Memory: 8.0GB/251.1GB (3.9%)
Processing chunk 213 (2000 rows) - Memory: 8.0GB/251.1GB (3.9%)
Processing chunk 214 (2000 rows) - Memory: 8.0GB/251.1GB (3.9%)
Processing chunk 215 (2000 rows) - Memory: 8.0GB/251.1GB (3.9%)
Processing chunk 216 (2000 rows) - Memory: 8.0GB/251.1GB (3.9%)
Processing chunk 217 (2000 rows) - Memory: 8.0GB/251.1GB (3.9%)
Processing chunk 218 (2000 rows) - Memory: 8.0GB/251.1GB (3.9%)
Processing chunk 219 (2000 rows) - Memory: 8.0GB/251.1GB (3.9%)
Processing chunk 220 (2000 rows) - Memory: 8.0GB/251.1GB (3.9%)
Processing chunk 221 (2000 rows) - Memory: 8.0GB/251.1GB (3.9%)
Processing chunk 222 (2000 rows) - Memory: 8.0GB/251.1GB (3.9%)
Processing chunk 223 (2000 rows) - Memory: 8.0GB/251.1GB (3.9%)
Processing chunk 224 (2000 rows) - Memory: 8.0GB/251.1GB (3.9%)
Processing chunk 225 (2000 rows) - Memory: 8.0GB/251.1GB (3.9%)
Processing chunk 226 (2000 rows) - Memory: 8.0GB/251.1GB (3.9%)
Processing chunk 227 (2000 rows) - Memory: 8.0GB/251.1GB (3.9%)
Processing chunk 228 (2000 rows) - Memory: 8.0GB/251.1GB (3.9%)
Processing chunk 229 (2000 rows) - Memory: 8.0GB/251.1GB (3.9%)
Processing chunk 230 (2000 rows) - Memory: 8.0GB/251.1GB (3.9%)
Processing chunk 231 (2000 rows) - Memory: 8.0GB/251.1GB (3.9%)
Processing chunk 232 (2000 rows) - Memory: 8.0GB/251.1GB (3.9%)
Processing chunk 233 (2000 rows) - Memory: 8.0GB/251.1GB (3.9%)
Processing chunk 234 (2000 rows) - Memory: 8.0GB/251.1GB (3.9%)
Processing chunk 235 (2000 rows) - Memory: 8.0GB/251.1GB (3.9%)
Processing chunk 236 (2000 rows) - Memory: 8.0GB/251.1GB (3.9%)
Processing chunk 237 (2000 rows) - Memory: 8.0GB/251.1GB (3.9%)
Processing chunk 238 (2000 rows) - Memory: 8.0GB/251.1GB (3.9%)
Processing chunk 239 (2000 rows) - Memory: 8.0GB/251.1GB (3.9%)
Processing chunk 240 (2000 rows) - Memory: 8.0GB/251.1GB (3.9%)
Processing chunk 241 (2000 rows) - Memory: 8.0GB/251.1GB (3.9%)
Processing chunk 242 (2000 rows) - Memory: 8.0GB/251.1GB (3.9%)
Processing chunk 243 (2000 rows) - Memory: 8.0GB/251.1GB (3.9%)
Processing chunk 244 (2000 rows) - Memory: 8.0GB/251.1GB (3.9%)
Processing chunk 245 (2000 rows) - Memory: 8.0GB/251.1GB (3.9%)
Processing chunk 246 (2000 rows) - Memory: 8.0GB/251.1GB (3.9%)
Processing chunk 247 (2000 rows) - Memory: 8.0GB/251.1GB (3.9%)
Processing chunk 248 (2000 rows) - Memory: 8.0GB/251.1GB (3.9%)
Processing chunk 249 (2000 rows) - Memory: 8.0GB/251.1GB (3.9%)
Processing chunk 250 (2000 rows) - Memory: 8.0GB/251.1GB (3.9%)
Processing chunk 251 (2000 rows) - Memory: 8.0GB/251.1GB (4.0%)
Processing chunk 252 (2000 rows) - Memory: 8.1GB/251.1GB (4.0%)
Processing chunk 253 (2000 rows) - Memory: 8.1GB/251.1GB (4.0%)
Processing chunk 254 (2000 rows) - Memory: 8.1GB/251.1GB (4.0%)
Processing chunk 255 (2000 rows) - Memory: 8.1GB/251.1GB (4.0%)
Processing chunk 256 (2000 rows) - Memory: 8.1GB/251.1GB (4.0%)
Processing chunk 257 (2000 rows) - Memory: 8.1GB/251.1GB (4.0%)
Processing chunk 258 (2000 rows) - Memory: 8.1GB/251.1GB (4.0%)
Processing chunk 259 (2000 rows) - Memory: 8.1GB/251.1GB (4.0%)
Processing chunk 260 (2000 rows) - Memory: 8.1GB/251.1GB (4.0%)
Processing chunk 261 (2000 rows) - Memory: 8.1GB/251.1GB (4.0%)
Processing chunk 262 (2000 rows) - Memory: 8.1GB/251.1GB (4.0%)
Processing chunk 263 (2000 rows) - Memory: 8.1GB/251.1GB (4.0%)
Processing chunk 264 (2000 rows) - Memory: 8.1GB/251.1GB (4.0%)
Processing chunk 265 (2000 rows) - Memory: 8.1GB/251.1GB (4.0%)
Processing chunk 266 (2000 rows) - Memory: 8.1GB/251.1GB (4.0%)
Processing chunk 267 (2000 rows) - Memory: 8.1GB/251.1GB (4.0%)
Processing chunk 268 (2000 rows) - Memory: 8.1GB/251.1GB (4.0%)
Processing chunk 269 (2000 rows) - Memory: 8.1GB/251.1GB (4.0%)
Processing chunk 270 (2000 rows) - Memory: 8.1GB/251.1GB (4.0%)
Processing chunk 271 (2000 rows) - Memory: 8.1GB/251.1GB (4.0%)
Processing chunk 272 (2000 rows) - Memory: 8.1GB/251.1GB (4.0%)
Processing chunk 273 (2000 rows) - Memory: 8.1GB/251.1GB (4.0%)
Processing chunk 274 (2000 rows) - Memory: 8.1GB/251.1GB (4.0%)
Processing chunk 275 (2000 rows) - Memory: 8.1GB/251.1GB (4.0%)
Processing chunk 276 (2000 rows) - Memory: 8.1GB/251.1GB (4.0%)
Processing chunk 277 (2000 rows) - Memory: 8.1GB/251.1GB (4.0%)
Processing chunk 278 (2000 rows) - Memory: 8.1GB/251.1GB (4.0%)
Processing chunk 279 (2000 rows) - Memory: 8.1GB/251.1GB (4.0%)
Processing chunk 280 (2000 rows) - Memory: 8.1GB/251.1GB (4.0%)
Processing chunk 281 (2000 rows) - Memory: 8.1GB/251.1GB (4.0%)
Processing chunk 282 (2000 rows) - Memory: 8.1GB/251.1GB (4.0%)
Processing chunk 283 (2000 rows) - Memory: 8.1GB/251.1GB (4.0%)
Processing chunk 284 (2000 rows) - Memory: 8.1GB/251.1GB (4.0%)
Processing chunk 285 (2000 rows) - Memory: 8.1GB/251.1GB (4.0%)
Processing chunk 286 (2000 rows) - Memory: 8.1GB/251.1GB (4.0%)
Processing chunk 287 (2000 rows) - Memory: 8.1GB/251.1GB (4.0%)
Processing chunk 288 (2000 rows) - Memory: 8.1GB/251.1GB (4.0%)
Processing chunk 289 (2000 rows) - Memory: 8.1GB/251.1GB (4.0%)
Processing chunk 290 (2000 rows) - Memory: 8.1GB/251.1GB (4.0%)
Processing chunk 291 (2000 rows) - Memory: 8.1GB/251.1GB (4.0%)
Processing chunk 292 (2000 rows) - Memory: 8.1GB/251.1GB (4.0%)
Processing chunk 293 (2000 rows) - Memory: 8.1GB/251.1GB (4.0%)
Processing chunk 294 (2000 rows) - Memory: 8.1GB/251.1GB (4.0%)
Processing chunk 295 (2000 rows) - Memory: 8.1GB/251.1GB (4.0%)
Processing chunk 296 (2000 rows) - Memory: 8.1GB/251.1GB (4.0%)
Processing chunk 297 (2000 rows) - Memory: 8.1GB/251.1GB (4.0%)
Processing chunk 298 (2000 rows) - Memory: 8.1GB/251.1GB (4.0%)
Processing chunk 299 (2000 rows) - Memory: 8.1GB/251.1GB (4.0%)
Processing chunk 300 (2000 rows) - Memory: 8.1GB/251.1GB (4.0%)
Processing chunk 301 (2000 rows) - Memory: 8.1GB/251.1GB (4.0%)
Processing chunk 302 (2000 rows) - Memory: 8.1GB/251.1GB (4.0%)
Processing chunk 303 (2000 rows) - Memory: 8.1GB/251.1GB (4.0%)
Processing chunk 304 (2000 rows) - Memory: 8.1GB/251.1GB (4.0%)
Processing chunk 305 (2000 rows) - Memory: 8.1GB/251.1GB (4.0%)
Processing chunk 306 (2000 rows) - Memory: 8.1GB/251.1GB (4.0%)
Processing chunk 307 (2000 rows) - Memory: 8.1GB/251.1GB (4.0%)
Processing chunk 308 (2000 rows) - Memory: 8.1GB/251.1GB (4.0%)
Processing chunk 309 (2000 rows) - Memory: 8.2GB/251.1GB (4.0%)
Processing chunk 310 (2000 rows) - Memory: 8.2GB/251.1GB (4.0%)
Processing chunk 311 (2000 rows) - Memory: 8.2GB/251.1GB (4.0%)
Processing chunk 312 (2000 rows) - Memory: 8.2GB/251.1GB (4.0%)
Processing chunk 313 (2000 rows) - Memory: 8.2GB/251.1GB (4.0%)
Processing chunk 314 (2000 rows) - Memory: 8.2GB/251.1GB (4.0%)
Processing chunk 315 (2000 rows) - Memory: 8.2GB/251.1GB (4.0%)
Processing chunk 316 (2000 rows) - Memory: 8.2GB/251.1GB (4.0%)
Processing chunk 317 (2000 rows) - Memory: 8.2GB/251.1GB (4.0%)
Processing chunk 318 (2000 rows) - Memory: 8.2GB/251.1GB (4.0%)
Processing chunk 319 (2000 rows) - Memory: 8.2GB/251.1GB (4.0%)
Processing chunk 320 (2000 rows) - Memory: 8.2GB/251.1GB (4.0%)
Processing chunk 321 (2000 rows) - Memory: 8.2GB/251.1GB (4.0%)
Processing chunk 322 (2000 rows) - Memory: 8.2GB/251.1GB (4.0%)
Processing chunk 323 (2000 rows) - Memory: 8.2GB/251.1GB (4.0%)
Processing chunk 324 (2000 rows) - Memory: 8.2GB/251.1GB (4.0%)
Processing chunk 325 (2000 rows) - Memory: 8.2GB/251.1GB (4.0%)
Processing chunk 326 (2000 rows) - Memory: 8.2GB/251.1GB (4.0%)
Processing chunk 327 (2000 rows) - Memory: 8.2GB/251.1GB (4.0%)
Processing chunk 328 (2000 rows) - Memory: 8.2GB/251.1GB (4.0%)
Processing chunk 329 (2000 rows) - Memory: 8.2GB/251.1GB (4.0%)
Processing chunk 330 (2000 rows) - Memory: 8.2GB/251.1GB (4.0%)
Processing chunk 331 (2000 rows) - Memory: 8.2GB/251.1GB (4.0%)
Processing chunk 332 (2000 rows) - Memory: 8.2GB/251.1GB (4.0%)
Processing chunk 333 (2000 rows) - Memory: 8.2GB/251.1GB (4.0%)
Processing chunk 334 (2000 rows) - Memory: 8.2GB/251.1GB (4.0%)
Processing chunk 335 (2000 rows) - Memory: 8.2GB/251.1GB (4.0%)
Processing chunk 336 (2000 rows) - Memory: 8.2GB/251.1GB (4.0%)
Processing chunk 337 (2000 rows) - Memory: 8.2GB/251.1GB (4.0%)
Processing chunk 338 (2000 rows) - Memory: 8.2GB/251.1GB (4.0%)
Processing chunk 339 (2000 rows) - Memory: 8.2GB/251.1GB (4.0%)
Processing chunk 340 (2000 rows) - Memory: 8.2GB/251.1GB (4.0%)
Processing chunk 341 (2000 rows) - Memory: 8.2GB/251.1GB (4.0%)
Processing chunk 342 (2000 rows) - Memory: 8.2GB/251.1GB (4.0%)
Processing chunk 343 (2000 rows) - Memory: 8.2GB/251.1GB (4.0%)
Processing chunk 344 (2000 rows) - Memory: 8.2GB/251.1GB (4.0%)
Processing chunk 345 (2000 rows) - Memory: 8.2GB/251.1GB (4.0%)
Processing chunk 346 (2000 rows) - Memory: 8.2GB/251.1GB (4.0%)
Processing chunk 347 (2000 rows) - Memory: 8.2GB/251.1GB (4.0%)
Processing chunk 348 (2000 rows) - Memory: 8.2GB/251.1GB (4.0%)
Processing chunk 349 (2000 rows) - Memory: 8.2GB/251.1GB (4.0%)
Processing chunk 350 (2000 rows) - Memory: 8.2GB/251.1GB (4.0%)
Processing chunk 351 (2000 rows) - Memory: 8.2GB/251.1GB (4.0%)
Processing chunk 352 (2000 rows) - Memory: 8.2GB/251.1GB (4.0%)
Processing chunk 353 (2000 rows) - Memory: 8.2GB/251.1GB (4.0%)
Processing chunk 354 (2000 rows) - Memory: 8.2GB/251.1GB (4.0%)
Processing chunk 355 (2000 rows) - Memory: 8.2GB/251.1GB (4.0%)
Processing chunk 356 (2000 rows) - Memory: 8.2GB/251.1GB (4.0%)
Processing chunk 357 (2000 rows) - Memory: 8.2GB/251.1GB (4.0%)
Processing chunk 358 (2000 rows) - Memory: 8.2GB/251.1GB (4.0%)
Processing chunk 359 (2000 rows) - Memory: 8.2GB/251.1GB (4.0%)
Processing chunk 360 (2000 rows) - Memory: 8.2GB/251.1GB (4.0%)
Processing chunk 361 (2000 rows) - Memory: 8.2GB/251.1GB (4.0%)
Processing chunk 362 (2000 rows) - Memory: 8.3GB/251.1GB (4.1%)
Processing chunk 363 (2000 rows) - Memory: 8.3GB/251.1GB (4.1%)
Processing chunk 364 (2000 rows) - Memory: 8.3GB/251.1GB (4.1%)
Processing chunk 365 (2000 rows) - Memory: 8.3GB/251.1GB (4.1%)
Processing chunk 366 (2000 rows) - Memory: 8.3GB/251.1GB (4.1%)
Processing chunk 367 (2000 rows) - Memory: 8.3GB/251.1GB (4.1%)
Processing chunk 368 (2000 rows) - Memory: 8.3GB/251.1GB (4.1%)
Processing chunk 369 (2000 rows) - Memory: 8.3GB/251.1GB (4.1%)
Processing chunk 370 (2000 rows) - Memory: 8.3GB/251.1GB (4.1%)
Processing chunk 371 (2000 rows) - Memory: 8.3GB/251.1GB (4.1%)
Processing chunk 372 (2000 rows) - Memory: 8.3GB/251.1GB (4.1%)
Processing chunk 373 (2000 rows) - Memory: 8.3GB/251.1GB (4.1%)
Processing chunk 374 (2000 rows) - Memory: 8.3GB/251.1GB (4.1%)
Processing chunk 375 (2000 rows) - Memory: 8.3GB/251.1GB (4.1%)
Processing chunk 376 (2000 rows) - Memory: 8.3GB/251.1GB (4.1%)
Processing chunk 377 (2000 rows) - Memory: 8.3GB/251.1GB (4.1%)
Processing chunk 378 (2000 rows) - Memory: 8.3GB/251.1GB (4.1%)
Processing chunk 379 (2000 rows) - Memory: 8.3GB/251.1GB (4.1%)
Processing chunk 380 (2000 rows) - Memory: 8.3GB/251.1GB (4.1%)
Processing chunk 381 (2000 rows) - Memory: 8.3GB/251.1GB (4.1%)
Processing chunk 382 (2000 rows) - Memory: 8.3GB/251.1GB (4.1%)
Processing chunk 383 (2000 rows) - Memory: 8.3GB/251.1GB (4.1%)
Processing chunk 384 (2000 rows) - Memory: 8.3GB/251.1GB (4.1%)
Processing chunk 385 (2000 rows) - Memory: 8.3GB/251.1GB (4.1%)
Processing chunk 386 (2000 rows) - Memory: 8.3GB/251.1GB (4.1%)
Processing chunk 387 (2000 rows) - Memory: 8.3GB/251.1GB (4.1%)
Processing chunk 388 (2000 rows) - Memory: 8.3GB/251.1GB (4.1%)
Processing chunk 389 (2000 rows) - Memory: 8.3GB/251.1GB (4.1%)
Processing chunk 390 (2000 rows) - Memory: 8.3GB/251.1GB (4.1%)
Processing chunk 391 (2000 rows) - Memory: 8.3GB/251.1GB (4.1%)
Processing chunk 392 (2000 rows) - Memory: 8.3GB/251.1GB (4.1%)
Processing chunk 393 (2000 rows) - Memory: 8.3GB/251.1GB (4.1%)
Processing chunk 394 (2000 rows) - Memory: 8.3GB/251.1GB (4.1%)
Processing chunk 395 (2000 rows) - Memory: 8.3GB/251.1GB (4.1%)
Processing chunk 396 (2000 rows) - Memory: 8.3GB/251.1GB (4.1%)
Processing chunk 397 (2000 rows) - Memory: 8.3GB/251.1GB (4.1%)
Processing chunk 398 (2000 rows) - Memory: 8.3GB/251.1GB (4.1%)
Processing chunk 399 (2000 rows) - Memory: 8.3GB/251.1GB (4.1%)
Processing chunk 400 (2000 rows) - Memory: 8.3GB/251.1GB (4.1%)
Processing chunk 401 (2000 rows) - Memory: 8.3GB/251.1GB (4.1%)
Processing chunk 402 (2000 rows) - Memory: 8.3GB/251.1GB (4.1%)
Processing chunk 403 (2000 rows) - Memory: 8.3GB/251.1GB (4.1%)
Processing chunk 404 (2000 rows) - Memory: 8.3GB/251.1GB (4.1%)
Processing chunk 405 (2000 rows) - Memory: 8.3GB/251.1GB (4.1%)
Processing chunk 406 (2000 rows) - Memory: 8.3GB/251.1GB (4.1%)
Processing chunk 407 (2000 rows) - Memory: 8.3GB/251.1GB (4.1%)
Processing chunk 408 (2000 rows) - Memory: 8.3GB/251.1GB (4.1%)
Processing chunk 409 (2000 rows) - Memory: 8.3GB/251.1GB (4.1%)
Processing chunk 410 (2000 rows) - Memory: 8.3GB/251.1GB (4.1%)
Processing chunk 411 (2000 rows) - Memory: 8.3GB/251.1GB (4.1%)
Processing chunk 412 (2000 rows) - Memory: 8.3GB/251.1GB (4.1%)
Processing chunk 413 (2000 rows) - Memory: 8.3GB/251.1GB (4.1%)
Processing chunk 414 (2000 rows) - Memory: 8.3GB/251.1GB (4.1%)
Processing chunk 415 (2000 rows) - Memory: 8.3GB/251.1GB (4.1%)
Processing chunk 416 (2000 rows) - Memory: 8.3GB/251.1GB (4.1%)
Processing chunk 417 (2000 rows) - Memory: 8.3GB/251.1GB (4.1%)
Processing chunk 418 (2000 rows) - Memory: 8.3GB/251.1GB (4.1%)
Processing chunk 419 (2000 rows) - Memory: 8.3GB/251.1GB (4.1%)
Processing chunk 420 (2000 rows) - Memory: 8.3GB/251.1GB (4.1%)
Processing chunk 421 (2000 rows) - Memory: 8.3GB/251.1GB (4.1%)
Processing chunk 422 (2000 rows) - Memory: 8.3GB/251.1GB (4.1%)
Processing chunk 423 (2000 rows) - Memory: 8.3GB/251.1GB (4.1%)
Processing chunk 424 (2000 rows) - Memory: 8.4GB/251.1GB (4.1%)
Processing chunk 425 (2000 rows) - Memory: 8.4GB/251.1GB (4.1%)
Processing chunk 426 (2000 rows) - Memory: 8.4GB/251.1GB (4.1%)
Processing chunk 427 (2000 rows) - Memory: 8.4GB/251.1GB (4.1%)
Processing chunk 428 (2000 rows) - Memory: 8.4GB/251.1GB (4.1%)
Processing chunk 429 (2000 rows) - Memory: 8.4GB/251.1GB (4.1%)
Processing chunk 430 (2000 rows) - Memory: 8.4GB/251.1GB (4.1%)
Processing chunk 431 (2000 rows) - Memory: 8.4GB/251.1GB (4.1%)
Processing chunk 432 (2000 rows) - Memory: 8.4GB/251.1GB (4.1%)
Processing chunk 433 (2000 rows) - Memory: 8.4GB/251.1GB (4.1%)
Processing chunk 434 (2000 rows) - Memory: 8.4GB/251.1GB (4.1%)
Processing chunk 435 (2000 rows) - Memory: 8.4GB/251.1GB (4.1%)
Processing chunk 436 (2000 rows) - Memory: 8.4GB/251.1GB (4.1%)
Processing chunk 437 (2000 rows) - Memory: 8.4GB/251.1GB (4.1%)
Processing chunk 438 (2000 rows) - Memory: 8.4GB/251.1GB (4.1%)
Processing chunk 439 (2000 rows) - Memory: 8.4GB/251.1GB (4.1%)
Processing chunk 440 (2000 rows) - Memory: 8.4GB/251.1GB (4.1%)
Processing chunk 441 (2000 rows) - Memory: 8.4GB/251.1GB (4.1%)
Processing chunk 442 (2000 rows) - Memory: 8.4GB/251.1GB (4.1%)
Processing chunk 443 (2000 rows) - Memory: 8.4GB/251.1GB (4.1%)
Processing chunk 444 (2000 rows) - Memory: 8.4GB/251.1GB (4.1%)
Processing chunk 445 (2000 rows) - Memory: 8.4GB/251.1GB (4.1%)
Processing chunk 446 (2000 rows) - Memory: 8.4GB/251.1GB (4.1%)
Processing chunk 447 (2000 rows) - Memory: 8.4GB/251.1GB (4.1%)
Processing chunk 448 (2000 rows) - Memory: 8.4GB/251.1GB (4.1%)
Processing chunk 449 (2000 rows) - Memory: 8.4GB/251.1GB (4.1%)
Processing chunk 450 (2000 rows) - Memory: 8.4GB/251.1GB (4.1%)
Processing chunk 451 (2000 rows) - Memory: 8.4GB/251.1GB (4.1%)
Processing chunk 452 (2000 rows) - Memory: 8.4GB/251.1GB (4.1%)
Processing chunk 453 (2000 rows) - Memory: 8.4GB/251.1GB (4.1%)
Processing chunk 454 (2000 rows) - Memory: 8.4GB/251.1GB (4.1%)
Processing chunk 455 (2000 rows) - Memory: 8.4GB/251.1GB (4.1%)
Processing chunk 456 (2000 rows) - Memory: 8.4GB/251.1GB (4.1%)
Processing chunk 457 (2000 rows) - Memory: 8.4GB/251.1GB (4.1%)
Processing chunk 458 (2000 rows) - Memory: 8.4GB/251.1GB (4.1%)
Processing chunk 459 (2000 rows) - Memory: 8.4GB/251.1GB (4.1%)
Processing chunk 460 (2000 rows) - Memory: 8.4GB/251.1GB (4.1%)
Processing chunk 461 (2000 rows) - Memory: 8.4GB/251.1GB (4.1%)
Processing chunk 462 (2000 rows) - Memory: 8.4GB/251.1GB (4.1%)
Processing chunk 463 (2000 rows) - Memory: 8.4GB/251.1GB (4.1%)
Processing chunk 464 (2000 rows) - Memory: 8.4GB/251.1GB (4.1%)
Processing chunk 465 (2000 rows) - Memory: 8.4GB/251.1GB (4.1%)
Processing chunk 466 (2000 rows) - Memory: 8.4GB/251.1GB (4.1%)
Processing chunk 467 (2000 rows) - Memory: 8.4GB/251.1GB (4.1%)
Processing chunk 468 (2000 rows) - Memory: 8.4GB/251.1GB (4.1%)
Processing chunk 469 (2000 rows) - Memory: 8.4GB/251.1GB (4.1%)
Processing chunk 470 (2000 rows) - Memory: 8.4GB/251.1GB (4.1%)
Processing chunk 471 (2000 rows) - Memory: 8.4GB/251.1GB (4.1%)
Processing chunk 472 (2000 rows) - Memory: 8.4GB/251.1GB (4.1%)
Processing chunk 473 (2000 rows) - Memory: 8.4GB/251.1GB (4.1%)
Processing chunk 474 (2000 rows) - Memory: 8.4GB/251.1GB (4.1%)
Processing chunk 475 (2000 rows) - Memory: 8.4GB/251.1GB (4.1%)
Processing chunk 476 (2000 rows) - Memory: 8.4GB/251.1GB (4.1%)
Processing chunk 477 (2000 rows) - Memory: 8.4GB/251.1GB (4.1%)
Processing chunk 478 (2000 rows) - Memory: 8.4GB/251.1GB (4.1%)
Processing chunk 479 (2000 rows) - Memory: 8.4GB/251.1GB (4.1%)
Processing chunk 480 (2000 rows) - Memory: 8.4GB/251.1GB (4.1%)
Processing chunk 481 (2000 rows) - Memory: 8.4GB/251.1GB (4.1%)
Processing chunk 482 (2000 rows) - Memory: 8.4GB/251.1GB (4.1%)
Processing chunk 483 (2000 rows) - Memory: 8.4GB/251.1GB (4.1%)
Processing chunk 484 (2000 rows) - Memory: 8.4GB/251.1GB (4.1%)
Processing chunk 485 (2000 rows) - Memory: 8.4GB/251.1GB (4.1%)
Processing chunk 486 (2000 rows) - Memory: 8.4GB/251.1GB (4.1%)
Processing chunk 487 (2000 rows) - Memory: 8.4GB/251.1GB (4.1%)
Processing chunk 488 (2000 rows) - Memory: 8.4GB/251.1GB (4.1%)
Processing chunk 489 (2000 rows) - Memory: 8.4GB/251.1GB (4.1%)
Processing chunk 490 (2000 rows) - Memory: 8.4GB/251.1GB (4.1%)
Processing chunk 491 (2000 rows) - Memory: 8.4GB/251.1GB (4.1%)
Processing chunk 492 (2000 rows) - Memory: 8.4GB/251.1GB (4.1%)
Processing chunk 493 (2000 rows) - Memory: 8.4GB/251.1GB (4.1%)
Processing chunk 494 (2000 rows) - Memory: 8.4GB/251.1GB (4.1%)
Processing chunk 495 (2000 rows) - Memory: 8.7GB/251.1GB (4.2%)
Processing chunk 496 (2000 rows) - Memory: 9.2GB/251.1GB (4.4%)
Processing chunk 497 (2000 rows) - Memory: 8.4GB/251.1GB (4.1%)
Processing chunk 498 (2000 rows) - Memory: 8.4GB/251.1GB (4.1%)
Processing chunk 499 (2000 rows) - Memory: 8.4GB/251.1GB (4.1%)
Processing chunk 500 (2000 rows) - Memory: 8.4GB/251.1GB (4.1%)
Processing chunk 501 (2000 rows) - Memory: 8.4GB/251.1GB (4.1%)
Processing chunk 502 (2000 rows) - Memory: 8.4GB/251.1GB (4.1%)
Processing chunk 503 (2000 rows) - Memory: 8.4GB/251.1GB (4.1%)
Processing chunk 504 (2000 rows) - Memory: 8.4GB/251.1GB (4.1%)
Processing chunk 505 (2000 rows) - Memory: 8.4GB/251.1GB (4.1%)
Processing chunk 506 (2000 rows) - Memory: 8.4GB/251.1GB (4.1%)
Processing chunk 507 (2000 rows) - Memory: 8.4GB/251.1GB (4.1%)
Processing chunk 508 (2000 rows) - Memory: 8.4GB/251.1GB (4.1%)
Processing chunk 509 (2000 rows) - Memory: 8.4GB/251.1GB (4.1%)
Processing chunk 510 (2000 rows) - Memory: 8.4GB/251.1GB (4.1%)
Processing chunk 511 (2000 rows) - Memory: 8.4GB/251.1GB (4.1%)
Processing chunk 512 (2000 rows) - Memory: 8.4GB/251.1GB (4.1%)
Processing chunk 513 (2000 rows) - Memory: 8.4GB/251.1GB (4.1%)
Processing chunk 514 (2000 rows) - Memory: 8.4GB/251.1GB (4.1%)
Processing chunk 515 (2000 rows) - Memory: 8.4GB/251.1GB (4.1%)
Processing chunk 516 (2000 rows) - Memory: 8.4GB/251.1GB (4.1%)
Processing chunk 517 (2000 rows) - Memory: 8.4GB/251.1GB (4.1%)
Processing chunk 518 (2000 rows) - Memory: 8.4GB/251.1GB (4.1%)
Processing chunk 519 (2000 rows) - Memory: 8.4GB/251.1GB (4.1%)
Processing chunk 520 (2000 rows) - Memory: 8.4GB/251.1GB (4.1%)
Processing chunk 521 (2000 rows) - Memory: 8.4GB/251.1GB (4.1%)
Processing chunk 522 (2000 rows) - Memory: 8.4GB/251.1GB (4.1%)
Processing chunk 523 (2000 rows) - Memory: 8.4GB/251.1GB (4.1%)
Processing chunk 524 (2000 rows) - Memory: 8.4GB/251.1GB (4.1%)
Processing chunk 525 (2000 rows) - Memory: 8.4GB/251.1GB (4.1%)
Processing chunk 526 (2000 rows) - Memory: 8.5GB/251.1GB (4.2%)
Processing chunk 527 (2000 rows) - Memory: 8.5GB/251.1GB (4.2%)
Processing chunk 528 (2000 rows) - Memory: 8.5GB/251.1GB (4.2%)
Processing chunk 529 (2000 rows) - Memory: 8.5GB/251.1GB (4.2%)
Processing chunk 530 (2000 rows) - Memory: 8.5GB/251.1GB (4.2%)
Processing chunk 531 (2000 rows) - Memory: 8.5GB/251.1GB (4.2%)
Processing chunk 532 (2000 rows) - Memory: 8.5GB/251.1GB (4.2%)
Processing chunk 533 (2000 rows) - Memory: 8.5GB/251.1GB (4.2%)
Processing chunk 534 (2000 rows) - Memory: 8.5GB/251.1GB (4.2%)
Processing chunk 535 (2000 rows) - Memory: 8.5GB/251.1GB (4.2%)
Processing chunk 536 (2000 rows) - Memory: 8.5GB/251.1GB (4.2%)
Processing chunk 537 (2000 rows) - Memory: 8.5GB/251.1GB (4.2%)
Processing chunk 538 (2000 rows) - Memory: 8.5GB/251.1GB (4.2%)
Processing chunk 539 (2000 rows) - Memory: 8.5GB/251.1GB (4.2%)
Processing chunk 540 (2000 rows) - Memory: 8.5GB/251.1GB (4.2%)
Processing chunk 541 (2000 rows) - Memory: 8.5GB/251.1GB (4.2%)
Processing chunk 542 (2000 rows) - Memory: 8.5GB/251.1GB (4.2%)
Processing chunk 543 (2000 rows) - Memory: 8.5GB/251.1GB (4.2%)
Processing chunk 544 (2000 rows) - Memory: 8.5GB/251.1GB (4.2%)
Processing chunk 545 (2000 rows) - Memory: 8.5GB/251.1GB (4.2%)
Processing chunk 546 (2000 rows) - Memory: 8.5GB/251.1GB (4.2%)
Processing chunk 547 (2000 rows) - Memory: 8.5GB/251.1GB (4.2%)
Processing chunk 548 (2000 rows) - Memory: 8.5GB/251.1GB (4.2%)
Processing chunk 549 (2000 rows) - Memory: 8.5GB/251.1GB (4.2%)
Processing chunk 550 (2000 rows) - Memory: 8.5GB/251.1GB (4.2%)
Processing chunk 551 (2000 rows) - Memory: 8.5GB/251.1GB (4.2%)
Processing chunk 552 (2000 rows) - Memory: 8.5GB/251.1GB (4.2%)
Processing chunk 553 (2000 rows) - Memory: 8.5GB/251.1GB (4.2%)
Processing chunk 554 (2000 rows) - Memory: 8.5GB/251.1GB (4.2%)
Processing chunk 555 (2000 rows) - Memory: 8.5GB/251.1GB (4.2%)
Processing chunk 556 (2000 rows) - Memory: 8.5GB/251.1GB (4.2%)
Processing chunk 557 (2000 rows) - Memory: 8.5GB/251.1GB (4.2%)
Processing chunk 558 (2000 rows) - Memory: 8.5GB/251.1GB (4.2%)
Processing chunk 559 (2000 rows) - Memory: 8.5GB/251.1GB (4.2%)
Processing chunk 560 (2000 rows) - Memory: 8.5GB/251.1GB (4.2%)
Processing chunk 561 (2000 rows) - Memory: 8.5GB/251.1GB (4.2%)
Processing chunk 562 (2000 rows) - Memory: 8.5GB/251.1GB (4.2%)
Processing chunk 563 (2000 rows) - Memory: 8.5GB/251.1GB (4.2%)
Processing chunk 564 (2000 rows) - Memory: 8.6GB/251.1GB (4.2%)
Processing chunk 565 (2000 rows) - Memory: 8.6GB/251.1GB (4.2%)
Processing chunk 566 (2000 rows) - Memory: 8.6GB/251.1GB (4.2%)
Processing chunk 567 (2000 rows) - Memory: 8.6GB/251.1GB (4.2%)
Processing chunk 568 (2000 rows) - Memory: 8.6GB/251.1GB (4.2%)
Processing chunk 569 (2000 rows) - Memory: 8.6GB/251.1GB (4.2%)
Processing chunk 570 (2000 rows) - Memory: 8.6GB/251.1GB (4.2%)
Processing chunk 571 (2000 rows) - Memory: 8.6GB/251.1GB (4.2%)
Processing chunk 572 (2000 rows) - Memory: 8.6GB/251.1GB (4.2%)
Processing chunk 573 (2000 rows) - Memory: 8.6GB/251.1GB (4.2%)
Processing chunk 574 (2000 rows) - Memory: 8.6GB/251.1GB (4.2%)
Processing chunk 575 (2000 rows) - Memory: 8.6GB/251.1GB (4.2%)
Processing chunk 576 (2000 rows) - Memory: 8.6GB/251.1GB (4.2%)
Processing chunk 577 (2000 rows) - Memory: 8.6GB/251.1GB (4.2%)
Processing chunk 578 (2000 rows) - Memory: 8.6GB/251.1GB (4.2%)
Processing chunk 579 (2000 rows) - Memory: 7.4GB/251.1GB (3.7%)
Processing chunk 580 (2000 rows) - Memory: 7.4GB/251.1GB (3.7%)
Processing chunk 581 (2000 rows) - Memory: 7.4GB/251.1GB (3.7%)
Processing chunk 582 (2000 rows) - Memory: 7.4GB/251.1GB (3.7%)
Processing chunk 583 (2000 rows) - Memory: 7.4GB/251.1GB (3.7%)
Processing chunk 584 (2000 rows) - Memory: 7.4GB/251.1GB (3.7%)
Processing chunk 585 (2000 rows) - Memory: 7.4GB/251.1GB (3.7%)
Processing chunk 586 (2000 rows) - Memory: 7.5GB/251.1GB (3.8%)
Processing chunk 587 (2000 rows) - Memory: 7.5GB/251.1GB (3.8%)
Processing chunk 588 (2000 rows) - Memory: 7.5GB/251.1GB (3.8%)
Processing chunk 589 (2000 rows) - Memory: 7.5GB/251.1GB (3.8%)
Processing chunk 590 (2000 rows) - Memory: 7.5GB/251.1GB (3.8%)
Processing chunk 591 (2000 rows) - Memory: 7.5GB/251.1GB (3.8%)
Processing chunk 592 (2000 rows) - Memory: 7.5GB/251.1GB (3.8%)
Processing chunk 593 (2000 rows) - Memory: 7.5GB/251.1GB (3.8%)
Processing chunk 594 (2000 rows) - Memory: 7.5GB/251.1GB (3.8%)
Processing chunk 595 (2000 rows) - Memory: 7.5GB/251.1GB (3.8%)
Processing chunk 596 (2000 rows) - Memory: 7.5GB/251.1GB (3.8%)
Processing chunk 597 (2000 rows) - Memory: 7.5GB/251.1GB (3.8%)
Processing chunk 598 (2000 rows) - Memory: 7.5GB/251.1GB (3.8%)
Processing chunk 599 (2000 rows) - Memory: 7.5GB/251.1GB (3.8%)
Processing chunk 600 (2000 rows) - Memory: 7.5GB/251.1GB (3.8%)
Processing chunk 601 (2000 rows) - Memory: 7.5GB/251.1GB (3.8%)
Processing chunk 602 (2000 rows) - Memory: 7.5GB/251.1GB (3.8%)
Processing chunk 603 (2000 rows) - Memory: 7.5GB/251.1GB (3.8%)
Processing chunk 604 (2000 rows) - Memory: 7.5GB/251.1GB (3.8%)
Processing chunk 605 (2000 rows) - Memory: 7.5GB/251.1GB (3.8%)
Processing chunk 606 (2000 rows) - Memory: 7.5GB/251.1GB (3.8%)
Processing chunk 607 (2000 rows) - Memory: 7.5GB/251.1GB (3.8%)
Processing chunk 608 (2000 rows) - Memory: 7.5GB/251.1GB (3.8%)
Processing chunk 609 (2000 rows) - Memory: 7.5GB/251.1GB (3.8%)
Processing chunk 610 (2000 rows) - Memory: 7.5GB/251.1GB (3.8%)
Processing chunk 611 (2000 rows) - Memory: 7.5GB/251.1GB (3.8%)
Processing chunk 612 (2000 rows) - Memory: 7.6GB/251.1GB (3.8%)
Processing chunk 613 (2000 rows) - Memory: 7.6GB/251.1GB (3.8%)
Processing chunk 614 (2000 rows) - Memory: 7.6GB/251.1GB (3.8%)
Processing chunk 615 (2000 rows) - Memory: 7.6GB/251.1GB (3.8%)
Processing chunk 616 (2000 rows) - Memory: 7.6GB/251.1GB (3.8%)
Processing chunk 617 (2000 rows) - Memory: 7.6GB/251.1GB (3.8%)
Processing chunk 618 (2000 rows) - Memory: 7.6GB/251.1GB (3.8%)
Processing chunk 619 (2000 rows) - Memory: 7.6GB/251.1GB (3.8%)
Processing chunk 620 (2000 rows) - Memory: 7.6GB/251.1GB (3.8%)
Processing chunk 621 (2000 rows) - Memory: 7.6GB/251.1GB (3.8%)
Processing chunk 622 (2000 rows) - Memory: 7.6GB/251.1GB (3.8%)
Processing chunk 623 (2000 rows) - Memory: 7.6GB/251.1GB (3.8%)
Processing chunk 624 (2000 rows) - Memory: 7.6GB/251.1GB (3.8%)
Processing chunk 625 (2000 rows) - Memory: 7.6GB/251.1GB (3.8%)
Processing chunk 626 (2000 rows) - Memory: 7.6GB/251.1GB (3.8%)
Processing chunk 627 (2000 rows) - Memory: 7.6GB/251.1GB (3.8%)
Processing chunk 628 (2000 rows) - Memory: 7.6GB/251.1GB (3.8%)
Processing chunk 629 (2000 rows) - Memory: 7.6GB/251.1GB (3.8%)
Processing chunk 630 (2000 rows) - Memory: 7.6GB/251.1GB (3.8%)
Processing chunk 631 (2000 rows) - Memory: 7.6GB/251.1GB (3.8%)
Processing chunk 632 (2000 rows) - Memory: 7.6GB/251.1GB (3.8%)
Processing chunk 633 (2000 rows) - Memory: 7.6GB/251.1GB (3.8%)
Processing chunk 634 (2000 rows) - Memory: 7.6GB/251.1GB (3.8%)
Processing chunk 635 (2000 rows) - Memory: 7.6GB/251.1GB (3.8%)
Processing chunk 636 (2000 rows) - Memory: 7.6GB/251.1GB (3.8%)
Processing chunk 637 (2000 rows) - Memory: 7.6GB/251.1GB (3.8%)
Processing chunk 638 (2000 rows) - Memory: 7.6GB/251.1GB (3.8%)
Processing chunk 639 (2000 rows) - Memory: 7.6GB/251.1GB (3.8%)
Processing chunk 640 (2000 rows) - Memory: 7.6GB/251.1GB (3.8%)
Processing chunk 641 (2000 rows) - Memory: 7.6GB/251.1GB (3.8%)
Processing chunk 642 (2000 rows) - Memory: 7.6GB/251.1GB (3.8%)
Processing chunk 643 (2000 rows) - Memory: 7.6GB/251.1GB (3.8%)
Processing chunk 644 (2000 rows) - Memory: 7.6GB/251.1GB (3.8%)
Processing chunk 645 (2000 rows) - Memory: 7.7GB/251.1GB (3.8%)
Processing chunk 646 (2000 rows) - Memory: 7.7GB/251.1GB (3.8%)
Processing chunk 647 (2000 rows) - Memory: 7.7GB/251.1GB (3.8%)
Processing chunk 648 (2000 rows) - Memory: 7.7GB/251.1GB (3.8%)
Processing chunk 649 (2000 rows) - Memory: 7.7GB/251.1GB (3.8%)
Processing chunk 650 (2000 rows) - Memory: 7.7GB/251.1GB (3.8%)
Processing chunk 651 (2000 rows) - Memory: 7.7GB/251.1GB (3.8%)
Processing chunk 652 (2000 rows) - Memory: 7.7GB/251.1GB (3.8%)
Processing chunk 653 (2000 rows) - Memory: 7.7GB/251.1GB (3.8%)
Processing chunk 654 (2000 rows) - Memory: 7.7GB/251.1GB (3.8%)
Processing chunk 655 (2000 rows) - Memory: 7.7GB/251.1GB (3.8%)
Processing chunk 656 (2000 rows) - Memory: 7.7GB/251.1GB (3.8%)
Processing chunk 657 (2000 rows) - Memory: 7.7GB/251.1GB (3.8%)
Processing chunk 658 (2000 rows) - Memory: 7.7GB/251.1GB (3.8%)
Processing chunk 659 (2000 rows) - Memory: 7.7GB/251.1GB (3.8%)
Processing chunk 660 (2000 rows) - Memory: 7.7GB/251.1GB (3.8%)
Processing chunk 661 (2000 rows) - Memory: 7.7GB/251.1GB (3.8%)
Processing chunk 662 (2000 rows) - Memory: 7.7GB/251.1GB (3.8%)
Processing chunk 663 (2000 rows) - Memory: 7.7GB/251.1GB (3.8%)
Processing chunk 664 (2000 rows) - Memory: 7.7GB/251.1GB (3.8%)
Processing chunk 665 (2000 rows) - Memory: 7.7GB/251.1GB (3.8%)
Processing chunk 666 (2000 rows) - Memory: 7.9GB/251.1GB (3.9%)
Processing chunk 667 (2000 rows) - Memory: 7.7GB/251.1GB (3.8%)
Processing chunk 668 (2000 rows) - Memory: 7.7GB/251.1GB (3.8%)
Processing chunk 669 (2000 rows) - Memory: 7.7GB/251.1GB (3.8%)
Processing chunk 670 (2000 rows) - Memory: 7.7GB/251.1GB (3.8%)
Processing chunk 671 (2000 rows) - Memory: 7.7GB/251.1GB (3.8%)
Processing chunk 672 (2000 rows) - Memory: 7.7GB/251.1GB (3.8%)
Processing chunk 673 (2000 rows) - Memory: 7.7GB/251.1GB (3.8%)
Processing chunk 674 (2000 rows) - Memory: 7.8GB/251.1GB (3.9%)
Processing chunk 675 (2000 rows) - Memory: 7.8GB/251.1GB (3.9%)
Processing chunk 676 (2000 rows) - Memory: 7.8GB/251.1GB (3.9%)
Processing chunk 677 (2000 rows) - Memory: 7.8GB/251.1GB (3.9%)
Processing chunk 678 (2000 rows) - Memory: 7.8GB/251.1GB (3.9%)
Processing chunk 679 (2000 rows) - Memory: 7.8GB/251.1GB (3.9%)
Processing chunk 680 (2000 rows) - Memory: 7.8GB/251.1GB (3.9%)
Processing chunk 681 (2000 rows) - Memory: 7.8GB/251.1GB (3.9%)
Processing chunk 682 (2000 rows) - Memory: 7.8GB/251.1GB (3.9%)
Processing chunk 683 (2000 rows) - Memory: 7.8GB/251.1GB (3.9%)
Processing chunk 684 (2000 rows) - Memory: 7.8GB/251.1GB (3.9%)
Processing chunk 685 (2000 rows) - Memory: 7.8GB/251.1GB (3.9%)
Processing chunk 686 (2000 rows) - Memory: 7.8GB/251.1GB (3.9%)
Processing chunk 687 (2000 rows) - Memory: 7.8GB/251.1GB (3.9%)
Processing chunk 688 (2000 rows) - Memory: 7.8GB/251.1GB (3.9%)
Processing chunk 689 (2000 rows) - Memory: 7.8GB/251.1GB (3.9%)
Processing chunk 690 (2000 rows) - Memory: 7.8GB/251.1GB (3.9%)
Processing chunk 691 (2000 rows) - Memory: 7.8GB/251.1GB (3.9%)
Processing chunk 692 (2000 rows) - Memory: 7.8GB/251.1GB (3.9%)
Processing chunk 693 (2000 rows) - Memory: 7.8GB/251.1GB (3.9%)
Processing chunk 694 (2000 rows) - Memory: 7.8GB/251.1GB (3.9%)
Processing chunk 695 (2000 rows) - Memory: 7.8GB/251.1GB (3.9%)
Processing chunk 696 (2000 rows) - Memory: 7.8GB/251.1GB (3.9%)
Processing chunk 697 (2000 rows) - Memory: 7.8GB/251.1GB (3.9%)
Processing chunk 698 (2000 rows) - Memory: 7.8GB/251.1GB (3.9%)
Processing chunk 699 (2000 rows) - Memory: 7.8GB/251.1GB (3.9%)
Processing chunk 700 (2000 rows) - Memory: 7.8GB/251.1GB (3.9%)
Processing chunk 701 (2000 rows) - Memory: 7.8GB/251.1GB (3.9%)
Processing chunk 702 (2000 rows) - Memory: 7.8GB/251.1GB (3.9%)
Processing chunk 703 (2000 rows) - Memory: 7.8GB/251.1GB (3.9%)
Processing chunk 704 (2000 rows) - Memory: 7.8GB/251.1GB (3.9%)
Processing chunk 705 (2000 rows) - Memory: 7.8GB/251.1GB (3.9%)
Processing chunk 706 (2000 rows) - Memory: 7.8GB/251.1GB (3.9%)
Processing chunk 707 (2000 rows) - Memory: 7.9GB/251.1GB (3.9%)
Processing chunk 708 (2000 rows) - Memory: 7.9GB/251.1GB (3.9%)
Processing chunk 709 (2000 rows) - Memory: 7.9GB/251.1GB (3.9%)
Processing chunk 710 (2000 rows) - Memory: 7.9GB/251.1GB (3.9%)
Processing chunk 711 (2000 rows) - Memory: 7.9GB/251.1GB (3.9%)
Processing chunk 712 (2000 rows) - Memory: 7.9GB/251.1GB (3.9%)
Processing chunk 713 (2000 rows) - Memory: 7.9GB/251.1GB (3.9%)
Processing chunk 714 (2000 rows) - Memory: 7.9GB/251.1GB (3.9%)
Processing chunk 715 (2000 rows) - Memory: 7.9GB/251.1GB (3.9%)
Processing chunk 716 (2000 rows) - Memory: 7.9GB/251.1GB (3.9%)
Processing chunk 717 (2000 rows) - Memory: 7.9GB/251.1GB (3.9%)
Processing chunk 718 (2000 rows) - Memory: 7.9GB/251.1GB (3.9%)
Processing chunk 719 (2000 rows) - Memory: 7.9GB/251.1GB (3.9%)
Processing chunk 720 (2000 rows) - Memory: 7.9GB/251.1GB (3.9%)
Processing chunk 721 (2000 rows) - Memory: 7.9GB/251.1GB (3.9%)
Processing chunk 722 (2000 rows) - Memory: 7.9GB/251.1GB (3.9%)
Processing chunk 723 (2000 rows) - Memory: 7.9GB/251.1GB (3.9%)
Processing chunk 724 (2000 rows) - Memory: 7.9GB/251.1GB (3.9%)
Processing chunk 725 (2000 rows) - Memory: 7.9GB/251.1GB (3.9%)
Processing chunk 726 (2000 rows) - Memory: 7.9GB/251.1GB (3.9%)
Processing chunk 727 (2000 rows) - Memory: 7.9GB/251.1GB (3.9%)
Processing chunk 728 (2000 rows) - Memory: 7.9GB/251.1GB (3.9%)
Processing chunk 729 (2000 rows) - Memory: 7.9GB/251.1GB (3.9%)
Processing chunk 730 (2000 rows) - Memory: 7.9GB/251.1GB (3.9%)
Processing chunk 731 (2000 rows) - Memory: 7.9GB/251.1GB (3.9%)
Processing chunk 732 (2000 rows) - Memory: 7.9GB/251.1GB (3.9%)
Processing chunk 733 (2000 rows) - Memory: 7.9GB/251.1GB (3.9%)
Processing chunk 734 (2000 rows) - Memory: 7.9GB/251.1GB (3.9%)
Processing chunk 735 (2000 rows) - Memory: 7.9GB/251.1GB (3.9%)
Processing chunk 736 (2000 rows) - Memory: 7.9GB/251.1GB (3.9%)
Processing chunk 737 (2000 rows) - Memory: 7.9GB/251.1GB (3.9%)
Processing chunk 738 (2000 rows) - Memory: 7.9GB/251.1GB (3.9%)
Processing chunk 739 (2000 rows) - Memory: 7.9GB/251.1GB (3.9%)
Processing chunk 740 (2000 rows) - Memory: 7.9GB/251.1GB (3.9%)
Processing chunk 741 (2000 rows) - Memory: 7.9GB/251.1GB (3.9%)
Processing chunk 742 (2000 rows) - Memory: 8.0GB/251.1GB (4.0%)
Processing chunk 743 (2000 rows) - Memory: 8.0GB/251.1GB (4.0%)
Processing chunk 744 (2000 rows) - Memory: 8.0GB/251.1GB (4.0%)
Processing chunk 745 (2000 rows) - Memory: 8.0GB/251.1GB (4.0%)
Processing chunk 746 (2000 rows) - Memory: 8.0GB/251.1GB (4.0%)
Processing chunk 747 (2000 rows) - Memory: 8.0GB/251.1GB (4.0%)
Processing chunk 748 (2000 rows) - Memory: 8.0GB/251.1GB (4.0%)
Processing chunk 749 (2000 rows) - Memory: 8.0GB/251.1GB (4.0%)
Processing chunk 750 (2000 rows) - Memory: 8.0GB/251.1GB (4.0%)
Processing chunk 751 (2000 rows) - Memory: 8.0GB/251.1GB (4.0%)
Processing chunk 752 (2000 rows) - Memory: 8.0GB/251.1GB (4.0%)
Processing chunk 753 (2000 rows) - Memory: 8.0GB/251.1GB (4.0%)
Processing chunk 754 (2000 rows) - Memory: 8.0GB/251.1GB (4.0%)
Processing chunk 755 (2000 rows) - Memory: 8.0GB/251.1GB (4.0%)
Processing chunk 756 (2000 rows) - Memory: 8.0GB/251.1GB (4.0%)
Processing chunk 757 (2000 rows) - Memory: 8.0GB/251.1GB (4.0%)
Processing chunk 758 (2000 rows) - Memory: 8.0GB/251.1GB (4.0%)
Processing chunk 759 (2000 rows) - Memory: 8.0GB/251.1GB (4.0%)
Processing chunk 760 (2000 rows) - Memory: 8.0GB/251.1GB (4.0%)
Processing chunk 761 (2000 rows) - Memory: 8.0GB/251.1GB (4.0%)
Processing chunk 762 (2000 rows) - Memory: 8.0GB/251.1GB (4.0%)
Processing chunk 763 (2000 rows) - Memory: 8.0GB/251.1GB (4.0%)
Processing chunk 764 (2000 rows) - Memory: 8.0GB/251.1GB (4.0%)
Processing chunk 765 (2000 rows) - Memory: 8.0GB/251.1GB (4.0%)
Processing chunk 766 (2000 rows) - Memory: 8.0GB/251.1GB (4.0%)
Processing chunk 767 (2000 rows) - Memory: 8.0GB/251.1GB (4.0%)
Processing chunk 768 (2000 rows) - Memory: 8.0GB/251.1GB (4.0%)
Processing chunk 769 (2000 rows) - Memory: 8.0GB/251.1GB (4.0%)
Processing chunk 770 (2000 rows) - Memory: 8.1GB/251.1GB (4.0%)
Processing chunk 771 (2000 rows) - Memory: 8.0GB/251.1GB (4.0%)
Processing chunk 772 (2000 rows) - Memory: 8.0GB/251.1GB (4.0%)
Processing chunk 773 (2000 rows) - Memory: 8.0GB/251.1GB (4.0%)
Processing chunk 774 (2000 rows) - Memory: 8.0GB/251.1GB (4.0%)
Processing chunk 775 (2000 rows) - Memory: 8.1GB/251.1GB (4.0%)
Processing chunk 776 (2000 rows) - Memory: 8.1GB/251.1GB (4.0%)
Processing chunk 777 (2000 rows) - Memory: 8.1GB/251.1GB (4.0%)
Processing chunk 778 (2000 rows) - Memory: 8.1GB/251.1GB (4.0%)
Processing chunk 779 (2000 rows) - Memory: 8.1GB/251.1GB (4.0%)
Processing chunk 780 (2000 rows) - Memory: 8.1GB/251.1GB (4.0%)
Processing chunk 781 (2000 rows) - Memory: 8.1GB/251.1GB (4.0%)
Processing chunk 782 (2000 rows) - Memory: 8.1GB/251.1GB (4.0%)
Processing chunk 783 (2000 rows) - Memory: 8.1GB/251.1GB (4.0%)
Processing chunk 784 (2000 rows) - Memory: 8.1GB/251.1GB (4.0%)
Processing chunk 785 (2000 rows) - Memory: 8.1GB/251.1GB (4.0%)
Processing chunk 786 (2000 rows) - Memory: 8.1GB/251.1GB (4.0%)
Processing chunk 787 (2000 rows) - Memory: 8.1GB/251.1GB (4.0%)
Processing chunk 788 (2000 rows) - Memory: 8.1GB/251.1GB (4.0%)
Processing chunk 789 (2000 rows) - Memory: 8.1GB/251.1GB (4.0%)
Processing chunk 790 (2000 rows) - Memory: 8.1GB/251.1GB (4.0%)
Processing chunk 791 (2000 rows) - Memory: 8.1GB/251.1GB (4.0%)
Processing chunk 792 (2000 rows) - Memory: 8.1GB/251.1GB (4.0%)
Processing chunk 793 (2000 rows) - Memory: 8.1GB/251.1GB (4.0%)
Processing chunk 794 (2000 rows) - Memory: 8.1GB/251.1GB (4.0%)
Processing chunk 795 (2000 rows) - Memory: 8.1GB/251.1GB (4.0%)
Processing chunk 796 (2000 rows) - Memory: 8.1GB/251.1GB (4.0%)
Processing chunk 797 (2000 rows) - Memory: 8.1GB/251.1GB (4.0%)
Processing chunk 798 (2000 rows) - Memory: 8.1GB/251.1GB (4.0%)
Processing chunk 799 (2000 rows) - Memory: 8.1GB/251.1GB (4.0%)
Processing chunk 800 (2000 rows) - Memory: 8.1GB/251.1GB (4.0%)
Processing chunk 801 (2000 rows) - Memory: 8.1GB/251.1GB (4.0%)
Processing chunk 802 (2000 rows) - Memory: 8.2GB/251.1GB (4.0%)
Processing chunk 803 (2000 rows) - Memory: 8.2GB/251.1GB (4.0%)
Processing chunk 804 (2000 rows) - Memory: 8.2GB/251.1GB (4.0%)
Processing chunk 805 (2000 rows) - Memory: 8.2GB/251.1GB (4.0%)
Processing chunk 806 (2000 rows) - Memory: 8.2GB/251.1GB (4.0%)
Processing chunk 807 (2000 rows) - Memory: 8.2GB/251.1GB (4.0%)
Processing chunk 808 (2000 rows) - Memory: 8.2GB/251.1GB (4.0%)
Processing chunk 809 (2000 rows) - Memory: 8.2GB/251.1GB (4.0%)
Processing chunk 810 (2000 rows) - Memory: 8.2GB/251.1GB (4.0%)
Processing chunk 811 (2000 rows) - Memory: 8.2GB/251.1GB (4.0%)
Processing chunk 812 (2000 rows) - Memory: 8.2GB/251.1GB (4.0%)
Processing chunk 813 (2000 rows) - Memory: 8.2GB/251.1GB (4.0%)
Processing chunk 814 (2000 rows) - Memory: 8.2GB/251.1GB (4.0%)
Processing chunk 815 (2000 rows) - Memory: 8.2GB/251.1GB (4.0%)
Processing chunk 816 (2000 rows) - Memory: 8.2GB/251.1GB (4.0%)
Processing chunk 817 (2000 rows) - Memory: 8.2GB/251.1GB (4.0%)
Processing chunk 818 (2000 rows) - Memory: 8.2GB/251.1GB (4.0%)
Processing chunk 819 (2000 rows) - Memory: 8.2GB/251.1GB (4.0%)
Processing chunk 820 (2000 rows) - Memory: 8.2GB/251.1GB (4.0%)
Processing chunk 821 (2000 rows) - Memory: 8.2GB/251.1GB (4.0%)
Processing chunk 822 (2000 rows) - Memory: 8.2GB/251.1GB (4.0%)
Processing chunk 823 (2000 rows) - Memory: 8.2GB/251.1GB (4.0%)
Processing chunk 824 (2000 rows) - Memory: 8.2GB/251.1GB (4.0%)
Processing chunk 825 (2000 rows) - Memory: 8.2GB/251.1GB (4.0%)
Processing chunk 826 (2000 rows) - Memory: 8.2GB/251.1GB (4.0%)
Processing chunk 827 (2000 rows) - Memory: 8.2GB/251.1GB (4.0%)
Processing chunk 828 (2000 rows) - Memory: 8.2GB/251.1GB (4.0%)
Processing chunk 829 (2000 rows) - Memory: 8.2GB/251.1GB (4.0%)
Processing chunk 830 (2000 rows) - Memory: 8.2GB/251.1GB (4.0%)
Processing chunk 831 (2000 rows) - Memory: 8.2GB/251.1GB (4.0%)
Processing chunk 832 (2000 rows) - Memory: 8.2GB/251.1GB (4.0%)
Processing chunk 833 (2000 rows) - Memory: 8.2GB/251.1GB (4.0%)
Processing chunk 834 (2000 rows) - Memory: 8.2GB/251.1GB (4.0%)
Processing chunk 835 (2000 rows) - Memory: 8.2GB/251.1GB (4.0%)
Processing chunk 836 (2000 rows) - Memory: 8.2GB/251.1GB (4.0%)
Processing chunk 837 (2000 rows) - Memory: 8.2GB/251.1GB (4.0%)
Processing chunk 838 (896 rows) - Memory: 8.2GB/251.1GB (4.0%)
Combining chunks...
Memory before combining: 8.3GB used (4.1%)
Completed reading test.parquet: 878419 rows
Final memory usage: 8.4GB used (4.1%)
Saved temporary file: /pub/ddlin/projects/belka_del/data/raw/temp_parquet/subset_0.parquet
Processing 'extra' subset...
